<?xml version="1.0" encoding="UTF-8"?>
<testng-results skipped="0" failed="0" total="6" passed="6">
  <reporter-output>
  </reporter-output>
  <suite name="Default suite" duration-ms="8772" started-at="2018-06-26T12:42:58Z" finished-at="2018-06-26T12:43:07Z">
    <groups>
    </groups>
    <test name="Default test" duration-ms="8772" started-at="2018-06-26T12:42:58Z" finished-at="2018-06-26T12:43:07Z">
      <class name="Keyword.MyTest">
        <test-method status="PASS" signature="calllaunchBrowser()[pri:0, instance:Keyword.MyTest@5f375618]" name="calllaunchBrowser" is-config="true" duration-ms="5258" started-at="2018-06-26T18:12:58Z" finished-at="2018-06-26T18:13:03Z">
          <reporter-output>
          </reporter-output>
        </test-method> <!-- calllaunchBrowser -->
        <test-method status="PASS" signature="callBasicCourseClick()[pri:0, instance:Keyword.MyTest@5f375618]" name="callBasicCourseClick" duration-ms="204" started-at="2018-06-26T18:13:03Z" finished-at="2018-06-26T18:13:04Z">
          <reporter-output>
          </reporter-output>
        </test-method> <!-- callBasicCourseClick -->
        <test-method status="PASS" signature="callGreenBox()[pri:0, instance:Keyword.MyTest@5f375618]" name="callGreenBox" duration-ms="293" started-at="2018-06-26T18:13:04Z" finished-at="2018-06-26T18:13:04Z">
          <reporter-output>
          </reporter-output>
        </test-method> <!-- callGreenBox -->
        <test-method status="PASS" signature="callBoxcolormatch()[pri:0, instance:Keyword.MyTest@5f375618]" name="callBoxcolormatch" duration-ms="672" started-at="2018-06-26T18:13:04Z" finished-at="2018-06-26T18:13:05Z">
          <reporter-output>
          </reporter-output>
        </test-method> <!-- callBoxcolormatch -->
        <test-method status="PASS" signature="callDragandDrop()[pri:0, instance:Keyword.MyTest@5f375618]" name="callDragandDrop" duration-ms="298" started-at="2018-06-26T18:13:05Z" finished-at="2018-06-26T18:13:05Z">
          <reporter-output>
          </reporter-output>
        </test-method> <!-- callDragandDrop -->
        <test-method status="PASS" signature="callNewTabAndSearch()[pri:0, instance:Keyword.MyTest@5f375618]" name="callNewTabAndSearch" duration-ms="1589" started-at="2018-06-26T18:13:05Z" finished-at="2018-06-26T18:13:06Z">
          <reporter-output>
          </reporter-output>
        </test-method> <!-- callNewTabAndSearch -->
        <test-method status="PASS" signature="callTokenGeneration()[pri:0, instance:Keyword.MyTest@5f375618]" name="callTokenGeneration" duration-ms="283" started-at="2018-06-26T18:13:06Z" finished-at="2018-06-26T18:13:07Z">
          <reporter-output>
          </reporter-output>
        </test-method> <!-- callTokenGeneration -->
        <test-method status="PASS" signature="callclosebrowser()[pri:0, instance:Keyword.MyTest@5f375618]" name="callclosebrowser" is-config="true" duration-ms="150" started-at="2018-06-26T18:13:07Z" finished-at="2018-06-26T18:13:07Z">
          <reporter-output>
          </reporter-output>
        </test-method> <!-- callclosebrowser -->
      </class> <!-- Keyword.MyTest -->
    </test> <!-- Default test -->
  </suite> <!-- Default suite -->
</testng-results>
