<?xml version="1.0" encoding="UTF-8"?>
<!-- Generated by org.testng.reporters.JUnitXMLReporter -->
<testsuite hostname="HPDA0217" name="Default test" tests="6" failures="0" timestamp="26 Jun 2018 12:43:07 GMT" time="8.772" errors="0">
  <testcase name="callBasicCourseClick" time="0.204" classname="Keyword.MyTest"/>
  <testcase name="callGreenBox" time="0.293" classname="Keyword.MyTest"/>
  <testcase name="callBoxcolormatch" time="0.672" classname="Keyword.MyTest"/>
  <testcase name="callDragandDrop" time="0.298" classname="Keyword.MyTest"/>
  <testcase name="callNewTabAndSearch" time="1.589" classname="Keyword.MyTest"/>
  <testcase name="callTokenGeneration" time="0.283" classname="Keyword.MyTest"/>
</testsuite> <!-- Default test -->
